<?xml version="1.0" encoding="UTF-8"?>
<testsuite name="ChuckNorrisTest" tests="1" skipped="0" failures="1" errors="0" timestamp="2023-01-03T15:27:09" hostname="DESKTOP-3SBI11A" time="0.469">
  <properties/>
  <testcase name="start" classname="ChuckNorrisTest" time="0.469">
    <failure message="java.lang.AssertionError: Wrong answer in test #96&#10;&#10;To produce a series of same value bits, should be used two consecutive blocks, so printed code should contain even amount of blocks&#10;&#10;Please find below the output of your program during this failed test.&#10;Note that the '&gt;' character indicates the beginning of the input line.&#10;&#10;---&#10;&#10;Input string:&#10;&gt; greetings!&#10;&#10;The result:&#10;0 00 00 00 0 0000 000 00 00 0 0 00 00 00 00 00 0 0 00 0 0 00 00 00 00 0 0 00 0 0 00 000 00 0 0 0 00 000 00 00 0 0 0 00 00 0 00 00 00 0 0 000 00 00 00 00 00 0 0000 000 00 00 0 0000 0 0 0 00 0000 0 0" type="java.lang.AssertionError">java.lang.AssertionError: Wrong answer in test #96

To produce a series of same value bits, should be used two consecutive blocks, so printed code should contain even amount of blocks

Please find below the output of your program during this failed test.
Note that the '&gt;' character indicates the beginning of the input line.

---

Input string:
&gt; greetings!

The result:
0 00 00 00 0 0000 000 00 00 0 0 00 00 00 00 00 0 0 00 0 0 00 00 00 00 0 0 00 0 0 00 000 00 0 0 0 00 000 00 00 0 0 0 00 00 0 00 00 00 0 0 000 00 00 00 00 00 0 0000 000 00 00 0 0000 0 0 0 00 0000 0 0
	at org.junit.Assert.fail(Assert.java:89)
	at org.hyperskill.hstest.stage.StageTest.start(StageTest.java:203)
	at java.base/jdk.internal.reflect.NativeMethodAccessorImpl.invoke0(Native Method)
	at java.base/jdk.internal.reflect.NativeMethodAccessorImpl.invoke(NativeMethodAccessorImpl.java:77)
	at java.base/jdk.internal.reflect.DelegatingMethodAccessorImpl.invoke(DelegatingMethodAccessorImpl.java:43)
	at java.base/java.lang.reflect.Method.invoke(Method.java:568)
	at org.junit.runners.model.FrameworkMethod$1.runReflectiveCall(FrameworkMethod.java:59)
	at org.junit.internal.runners.model.ReflectiveCallable.run(ReflectiveCallable.java:12)
	at org.junit.runners.model.FrameworkMethod.invokeExplosively(FrameworkMethod.java:56)
	at org.junit.internal.runners.statements.InvokeMethod.evaluate(InvokeMethod.java:17)
	at org.junit.runners.ParentRunner$3.evaluate(ParentRunner.java:306)
	at org.junit.runners.BlockJUnit4ClassRunner$1.evaluate(BlockJUnit4ClassRunner.java:100)
	at org.junit.runners.ParentRunner.runLeaf(ParentRunner.java:366)
	at org.junit.runners.BlockJUnit4ClassRunner.runChild(BlockJUnit4ClassRunner.java:103)
	at org.junit.runners.BlockJUnit4ClassRunner.runChild(BlockJUnit4ClassRunner.java:63)
	at org.junit.runners.ParentRunner$4.run(ParentRunner.java:331)
	at org.junit.runners.ParentRunner$1.schedule(ParentRunner.java:79)
	at org.junit.runners.ParentRunner.runChildren(ParentRunner.java:329)
	at org.junit.runners.ParentRunner.access$100(ParentRunner.java:66)
	at org.junit.runners.ParentRunner$2.evaluate(ParentRunner.java:293)
	at org.junit.runners.ParentRunner$3.evaluate(ParentRunner.java:306)
	at org.junit.runners.ParentRunner.run(ParentRunner.java:413)
	at org.gradle.api.internal.tasks.testing.junit.JUnitTestClassExecutor.runTestClass(JUnitTestClassExecutor.java:110)
	at org.gradle.api.internal.tasks.testing.junit.JUnitTestClassExecutor.execute(JUnitTestClassExecutor.java:58)
	at org.gradle.api.internal.tasks.testing.junit.JUnitTestClassExecutor.execute(JUnitTestClassExecutor.java:38)
	at org.gradle.api.internal.tasks.testing.junit.AbstractJUnitTestClassProcessor.processTestClass(AbstractJUnitTestClassProcessor.java:62)
	at org.gradle.api.internal.tasks.testing.SuiteTestClassProcessor.processTestClass(SuiteTestClassProcessor.java:51)
	at java.base/jdk.internal.reflect.NativeMethodAccessorImpl.invoke0(Native Method)
	at java.base/jdk.internal.reflect.NativeMethodAccessorImpl.invoke(NativeMethodAccessorImpl.java:77)
	at java.base/jdk.internal.reflect.DelegatingMethodAccessorImpl.invoke(DelegatingMethodAccessorImpl.java:43)
	at java.base/java.lang.reflect.Method.invoke(Method.java:568)
	at org.gradle.internal.dispatch.ReflectionDispatch.dispatch(ReflectionDispatch.java:36)
	at org.gradle.internal.dispatch.ReflectionDispatch.dispatch(ReflectionDispatch.java:24)
	at org.gradle.internal.dispatch.ContextClassLoaderDispatch.dispatch(ContextClassLoaderDispatch.java:33)
	at org.gradle.internal.dispatch.ProxyDispatchAdapter$DispatchingInvocationHandler.invoke(ProxyDispatchAdapter.java:94)
	at jdk.proxy1/jdk.proxy1.$Proxy2.processTestClass(Unknown Source)
	at org.gradle.api.internal.tasks.testing.worker.TestWorker$2.run(TestWorker.java:176)
	at org.gradle.api.internal.tasks.testing.worker.TestWorker.executeAndMaintainThreadName(TestWorker.java:129)
	at org.gradle.api.internal.tasks.testing.worker.TestWorker.execute(TestWorker.java:100)
	at org.gradle.api.internal.tasks.testing.worker.TestWorker.execute(TestWorker.java:60)
	at org.gradle.process.internal.worker.child.ActionExecutionWorker.execute(ActionExecutionWorker.java:56)
	at org.gradle.process.internal.worker.child.SystemApplicationClassLoaderWorker.call(SystemApplicationClassLoaderWorker.java:133)
	at org.gradle.process.internal.worker.child.SystemApplicationClassLoaderWorker.call(SystemApplicationClassLoaderWorker.java:71)
	at worker.org.gradle.process.internal.worker.GradleWorkerMain.run(GradleWorkerMain.java:69)
	at worker.org.gradle.process.internal.worker.GradleWorkerMain.main(GradleWorkerMain.java:74)
</failure>
  </testcase>
  <system-out><![CDATA[?[1;31m
Start test 1?[0m
Input string:
>  

The result:
?[1;31m
Start test 2?[0m
Input string:
> !

The result:
?[1;31m
Start test 3?[0m
Input string:
> "

The result:
?[1;31m
Start test 4?[0m
Input string:
> #

The result:
?[1;31m
Start test 5?[0m
Input string:
> $

The result:
?[1;31m
Start test 6?[0m
Input string:
> %

The result:
?[1;31m
Start test 7?[0m
Input string:
> &

The result:
?[1;31m
Start test 8?[0m
Input string:
> '

The result:
?[1;31m
Start test 9?[0m
Input string:
> (

The result:
?[1;31m
Start test 10?[0m
Input string:
> )

The result:
?[1;31m
Start test 11?[0m
Input string:
> *

The result:
?[1;31m
Start test 12?[0m
Input string:
> +

The result:
?[1;31m
Start test 13?[0m
Input string:
> ,

The result:
?[1;31m
Start test 14?[0m
Input string:
> -

The result:
?[1;31m
Start test 15?[0m
Input string:
> .

The result:
?[1;31m
Start test 16?[0m
Input string:
> /

The result:
?[1;31m
Start test 17?[0m
Input string:
> 0

The result:
?[1;31m
Start test 18?[0m
Input string:
> 1

The result:
?[1;31m
Start test 19?[0m
Input string:
> 2

The result:
?[1;31m
Start test 20?[0m
Input string:
> 3

The result:
?[1;31m
Start test 21?[0m
Input string:
> 4

The result:
?[1;31m
Start test 22?[0m
Input string:
> 5

The result:
?[1;31m
Start test 23?[0m
Input string:
> 6

The result:
?[1;31m
Start test 24?[0m
Input string:
> 7

The result:
?[1;31m
Start test 25?[0m
Input string:
> 8

The result:
?[1;31m
Start test 26?[0m
Input string:
> 9

The result:
?[1;31m
Start test 27?[0m
Input string:
> :

The result:
?[1;31m
Start test 28?[0m
Input string:
> ;

The result:
?[1;31m
Start test 29?[0m
Input string:
> <

The result:
?[1;31m
Start test 30?[0m
Input string:
> =

The result:
?[1;31m
Start test 31?[0m
Input string:
> >

The result:
?[1;31m
Start test 32?[0m
Input string:
> ?

The result:
?[1;31m
Start test 33?[0m
Input string:
> @

The result:
?[1;31m
Start test 34?[0m
Input string:
> A

The result:
?[1;31m
Start test 35?[0m
Input string:
> B

The result:
?[1;31m
Start test 36?[0m
Input string:
> C

The result:
?[1;31m
Start test 37?[0m
Input string:
> D

The result:
?[1;31m
Start test 38?[0m
Input string:
> E

The result:
?[1;31m
Start test 39?[0m
Input string:
> F

The result:
?[1;31m
Start test 40?[0m
Input string:
> G

The result:
?[1;31m
Start test 41?[0m
Input string:
> H

The result:
?[1;31m
Start test 42?[0m
Input string:
> I

The result:
?[1;31m
Start test 43?[0m
Input string:
> J

The result:
?[1;31m
Start test 44?[0m
Input string:
> K

The result:
?[1;31m
Start test 45?[0m
Input string:
> L

The result:
?[1;31m
Start test 46?[0m
Input string:
> M

The result:
?[1;31m
Start test 47?[0m
Input string:
> N

The result:
?[1;31m
Start test 48?[0m
Input string:
> O

The result:
?[1;31m
Start test 49?[0m
Input string:
> P

The result:
?[1;31m
Start test 50?[0m
Input string:
> Q

The result:
?[1;31m
Start test 51?[0m
Input string:
> R

The result:
?[1;31m
Start test 52?[0m
Input string:
> S

The result:
?[1;31m
Start test 53?[0m
Input string:
> T

The result:
?[1;31m
Start test 54?[0m
Input string:
> U

The result:
?[1;31m
Start test 55?[0m
Input string:
> V

The result:
?[1;31m
Start test 56?[0m
Input string:
> W

The result:
?[1;31m
Start test 57?[0m
Input string:
> X

The result:
?[1;31m
Start test 58?[0m
Input string:
> Y

The result:
?[1;31m
Start test 59?[0m
Input string:
> Z

The result:
?[1;31m
Start test 60?[0m
Input string:
> [

The result:
?[1;31m
Start test 61?[0m
Input string:
> \

The result:
?[1;31m
Start test 62?[0m
Input string:
> ]

The result:
?[1;31m
Start test 63?[0m
Input string:
> ^

The result:
?[1;31m
Start test 64?[0m
Input string:
> _

The result:
?[1;31m
Start test 65?[0m
Input string:
> `

The result:
?[1;31m
Start test 66?[0m
Input string:
> a

The result:
?[1;31m
Start test 67?[0m
Input string:
> b

The result:
?[1;31m
Start test 68?[0m
Input string:
> c

The result:
?[1;31m
Start test 69?[0m
Input string:
> d

The result:
?[1;31m
Start test 70?[0m
Input string:
> e

The result:
?[1;31m
Start test 71?[0m
Input string:
> f

The result:
?[1;31m
Start test 72?[0m
Input string:
> g

The result:
?[1;31m
Start test 73?[0m
Input string:
> h

The result:
?[1;31m
Start test 74?[0m
Input string:
> i

The result:
?[1;31m
Start test 75?[0m
Input string:
> j

The result:
?[1;31m
Start test 76?[0m
Input string:
> k

The result:
?[1;31m
Start test 77?[0m
Input string:
> l

The result:
?[1;31m
Start test 78?[0m
Input string:
> m

The result:
?[1;31m
Start test 79?[0m
Input string:
> n

The result:
?[1;31m
Start test 80?[0m
Input string:
> o

The result:
?[1;31m
Start test 81?[0m
Input string:
> p

The result:
?[1;31m
Start test 82?[0m
Input string:
> q

The result:
?[1;31m
Start test 83?[0m
Input string:
> r

The result:
?[1;31m
Start test 84?[0m
Input string:
> s

The result:
?[1;31m
Start test 85?[0m
Input string:
> t

The result:
?[1;31m
Start test 86?[0m
Input string:
> u

The result:
?[1;31m
Start test 87?[0m
Input string:
> v

The result:
?[1;31m
Start test 88?[0m
Input string:
> w

The result:
?[1;31m
Start test 89?[0m
Input string:
> x

The result:
?[1;31m
Start test 90?[0m
Input string:
> y

The result:
?[1;31m
Start test 91?[0m
Input string:
> z

The result:
?[1;31m
Start test 92?[0m
Input string:
> {

The result:
?[1;31m
Start test 93?[0m
Input string:
> |

The result:
?[1;31m
Start test 94?[0m
Input string:
> }

The result:
?[1;31m
Start test 95?[0m
Input string:
> ~

The result:
?[1;31m
Start test 96?[0m
Input string:
> greetings!

The result:
]]></system-out>
  <system-err><![CDATA[]]></system-err>
</testsuite>
